0 verbose cli C:\Program Files\nodejs\node.exe C:\Program Files\nodejs\node_modules\npm\bin\npm-cli.js
1 info using npm@10.8.2
2 info using node@v20.20.0
3 silly config load:file:C:\Program Files\nodejs\node_modules\npm\npmrc
4 silly config load:file:D:\AIProject\AITielu\.npmrc
5 silly config load:file:C:\Users\sx\.npmrc
6 silly config load:file:C:\Users\sx\AppData\Roaming\npm\etc\npmrc
7 verbose title npm install
8 verbose argv "install" "--cache" ".npm-cache"
9 verbose logfile logs-max:10 dir:D:\AIProject\AITielu\.npm-cache\_logs\2026-05-13T04_53_38_409Z-
10 verbose logfile D:\AIProject\AITielu\.npm-cache\_logs\2026-05-13T04_53_38_409Z-debug-0.log
11 silly packumentCache heap:4345298944 maxSize:1086324736 maxEntrySize:543162368
12 silly logfile done cleaning log files
13 silly idealTree buildDeps
14 silly fetch manifest @vitejs/plugin-basic-ssl@^2.0.0
15 silly packumentCache full:https://registry.npmmirror.com/@vitejs%2fplugin-basic-ssl cache-miss
16 http fetch GET 200 https://registry.npmmirror.com/npm 107ms
17 http fetch GET 200 https://registry.npmmirror.com/@vitejs%2fplugin-basic-ssl 110ms (cache miss)
18 silly packumentCache full:https://registry.npmmirror.com/@vitejs%2fplugin-basic-ssl set size:10891 disposed:false
19 silly fetch manifest vite@^5.4.11
20 silly packumentCache full:https://registry.npmmirror.com/vite cache-miss
21 http fetch GET 200 https://registry.npmmirror.com/vite 422ms (cache miss)
22 silly packumentCache full:https://registry.npmmirror.com/vite set size:6235915 disposed:false
23 silly fetch manifest vite@^6.0.0 || ^7.0.0 || ^8.0.0
24 silly packumentCache full:https://registry.npmmirror.com/vite cache-miss
25 http fetch GET 200 https://registry.npmmirror.com/vite 57ms (cache hit)
26 silly packumentCache full:https://registry.npmmirror.com/vite set size:38655646 disposed:false
27 silly fetch manifest @types/node@^18.0.0 || >=20.0.0
28 silly packumentCache full:https://registry.npmmirror.com/@types%2fnode cache-miss
29 http fetch GET 200 https://registry.npmmirror.com/@types%2fnode 101ms (cache miss)
30 silly packumentCache full:https://registry.npmmirror.com/@types%2fnode set size:1155958 disposed:false
31 silly fetch manifest less@*
32 silly packumentCache full:https://registry.npmmirror.com/less cache-miss
33 http fetch GET 200 https://registry.npmmirror.com/less 20ms (cache miss)
34 silly packumentCache full:https://registry.npmmirror.com/less set size:52137 disposed:false
35 silly fetch manifest lightningcss@^1.21.0
36 silly packumentCache full:https://registry.npmmirror.com/lightningcss cache-miss
37 http fetch GET 200 https://registry.npmmirror.com/lightningcss 18ms (cache miss)
38 silly packumentCache full:https://registry.npmmirror.com/lightningcss set size:32241 disposed:false
39 silly fetch manifest sass@*
40 silly packumentCache full:https://registry.npmmirror.com/sass cache-miss
41 http fetch GET 200 https://registry.npmmirror.com/sass 44ms (cache miss)
42 silly packumentCache full:https://registry.npmmirror.com/sass set size:125617 disposed:false
43 silly fetch manifest sass-embedded@*
44 silly packumentCache full:https://registry.npmmirror.com/sass-embedded cache-miss
45 http fetch GET 200 https://registry.npmmirror.com/sass-embedded 22ms (cache miss)
46 silly packumentCache full:https://registry.npmmirror.com/sass-embedded set size:75103 disposed:false
47 silly fetch manifest stylus@*
48 silly packumentCache full:https://registry.npmmirror.com/stylus cache-miss
49 http fetch GET 200 https://registry.npmmirror.com/stylus 23ms (cache miss)
50 silly packumentCache full:https://registry.npmmirror.com/stylus set size:65242 disposed:false
51 silly fetch manifest sugarss@*
52 silly packumentCache full:https://registry.npmmirror.com/sugarss cache-miss
53 http fetch GET 200 https://registry.npmmirror.com/sugarss 17ms (cache miss)
54 silly packumentCache full:https://registry.npmmirror.com/sugarss set size:8151 disposed:false
55 silly fetch manifest postcss@^8.3.3
56 silly packumentCache full:https://registry.npmmirror.com/postcss cache-miss
57 http fetch GET 200 https://registry.npmmirror.com/postcss 45ms (cache miss)
58 silly packumentCache full:https://registry.npmmirror.com/postcss set size:97667 disposed:false
59 silly fetch manifest terser@^5.4.0
60 silly packumentCache full:https://registry.npmmirror.com/terser cache-miss
61 http fetch GET 200 https://registry.npmmirror.com/terser 23ms (cache miss)
62 silly packumentCache full:https://registry.npmmirror.com/terser set size:111431 disposed:false
63 verbose stack Error: unable to resolve dependency tree
63 verbose stack     at #failPeerConflict (C:\Program Files\nodejs\node_modules\npm\node_modules\@npmcli\arborist\lib\arborist\build-ideal-tree.js:1360:25)
63 verbose stack     at #loadPeerSet (C:\Program Files\nodejs\node_modules\npm\node_modules\@npmcli\arborist\lib\arborist\build-ideal-tree.js:1326:33)
63 verbose stack     at async #buildDepStep (C:\Program Files\nodejs\node_modules\npm\node_modules\@npmcli\arborist\lib\arborist\build-ideal-tree.js:901:11)
63 verbose stack     at async Arborist.buildIdealTree (C:\Program Files\nodejs\node_modules\npm\node_modules\@npmcli\arborist\lib\arborist\build-ideal-tree.js:181:7)
63 verbose stack     at async Promise.all (index 1)
63 verbose stack     at async Arborist.reify (C:\Program Files\nodejs\node_modules\npm\node_modules\@npmcli\arborist\lib\arborist\reify.js:131:5)
63 verbose stack     at async Install.exec (C:\Program Files\nodejs\node_modules\npm\lib\commands\install.js:150:5)
63 verbose stack     at async Npm.exec (C:\Program Files\nodejs\node_modules\npm\lib\npm.js:207:9)
63 verbose stack     at async module.exports (C:\Program Files\nodejs\node_modules\npm\lib\cli\entry.js:74:5)
64 error code ERESOLVE
65 error ERESOLVE unable to resolve dependency tree
66 error
67 error While resolving: mechanical-assembly-sim@1.0.0
67 error Found: vite@5.4.21
67 error node_modules/vite
67 error   vite@"^5.4.11" from the root project
67 error
67 error Could not resolve dependency:
67 error peer vite@"^6.0.0 || ^7.0.0 || ^8.0.0" from @vitejs/plugin-basic-ssl@2.3.0
67 error node_modules/@vitejs/plugin-basic-ssl
67 error   @vitejs/plugin-basic-ssl@"^2.0.0" from the root project
67 error
67 error Fix the upstream dependency conflict, or retry
67 error this command with --force or --legacy-peer-deps
67 error to accept an incorrect (and potentially broken) dependency resolution.
68 error
68 error
68 error For a full report see:
68 error D:\AIProject\AITielu\.npm-cache\_logs\2026-05-13T04_53_38_409Z-eresolve-report.txt
69 silly unfinished npm timer reify 1778648019508
70 silly unfinished npm timer reify:loadTrees 1778648019547
71 silly unfinished npm timer idealTree:buildDeps 1778648019559
72 silly unfinished npm timer idealTree:#root 1778648019560
73 verbose cwd D:\AIProject\AITielu
74 verbose os Windows_NT 10.0.26200
75 verbose node v20.20.0
76 verbose npm  v10.8.2
77 notice
77 notice New major version of npm available! 10.8.2 -> 11.14.1
77 notice Changelog: https://github.com/npm/cli/releases/tag/v11.14.1
77 notice To update run: npm install -g npm@11.14.1
77 notice  { force: true, [Symbol(proc-log.meta)]: true }
78 verbose exit 1
79 verbose code 1
80 error A complete log of this run can be found in: D:\AIProject\AITielu\.npm-cache\_logs\2026-05-13T04_53_38_409Z-debug-0.log
